The system is: Darwin - 15.6.0 - x86_64
Compiling the C compiler identification source file "CMakeCCompilerId.c" succeeded.
Compiler: /Library/Developer/CommandLineTools/usr/bin/cc 
Build flags: 
Id flags: 

The output was:
0


Compilation of the C compiler identification source "CMakeCCompilerId.c" produced "a.out"

The C compiler identification is AppleClang, found in "/Users/fukuta-mil/work_space/procon/cpp_learning/build/CMakeFiles/3.6.3/CompilerIdC/a.out"

Compiling the CXX compiler identification source file "CMakeCXXCompilerId.cpp" succeeded.
Compiler: /usr/local/bin/g++ 
Build flags: 
Id flags: 

The output was:
0


Compilation of the CXX compiler identification source "CMakeCXXCompilerId.cpp" produced "a.out"

The CXX compiler identification is GNU, found in "/Users/fukuta-mil/work_space/procon/cpp_learning/build/CMakeFiles/3.6.3/CompilerIdCXX/a.out"

Determining if the C compiler works passed with the following output:
Change Dir: /Users/fukuta-mil/work_space/procon/cpp_learning/build/CMakeFiles/CMakeTmp

Run Build Command:"/usr/bin/make" "cmTC_48b28/fast"
/Library/Developer/CommandLineTools/usr/bin/make -f CMakeFiles/cmTC_48b28.dir/build.make CMakeFiles/cmTC_48b28.dir/build
Building C object CMakeFiles/cmTC_48b28.dir/testCCompiler.c.o
/Library/Developer/CommandLineTools/usr/bin/cc     -o CMakeFiles/cmTC_48b28.dir/testCCompiler.c.o   -c /Users/fukuta-mil/work_space/procon/cpp_learning/build/CMakeFiles/CMakeTmp/testCCompiler.c
Linking C executable cmTC_48b28
/Applications/CLion.app/Contents/bin/cmake/bin/cmake -E cmake_link_script CMakeFiles/cmTC_48b28.dir/link.txt --verbose=1
/Library/Developer/CommandLineTools/usr/bin/cc    -Wl,-search_paths_first -Wl,-headerpad_max_install_names   CMakeFiles/cmTC_48b28.dir/testCCompiler.c.o  -o cmTC_48b28 


Detecting C compiler ABI info compiled with the following output:
Change Dir: /Users/fukuta-mil/work_space/procon/cpp_learning/build/CMakeFiles/CMakeTmp

Run Build Command:"/usr/bin/make" "cmTC_bae4c/fast"
/Library/Developer/CommandLineTools/usr/bin/make -f CMakeFiles/cmTC_bae4c.dir/build.make CMakeFiles/cmTC_bae4c.dir/build
Building C object CMakeFiles/cmTC_bae4c.dir/CMakeCCompilerABI.c.o
/Library/Developer/CommandLineTools/usr/bin/cc     -o CMakeFiles/cmTC_bae4c.dir/CMakeCCompilerABI.c.o   -c /Applications/CLion.app/Contents/bin/cmake/share/cmake-3.6/Modules/CMakeCCompilerABI.c
Linking C executable cmTC_bae4c
/Applications/CLion.app/Contents/bin/cmake/bin/cmake -E cmake_link_script CMakeFiles/cmTC_bae4c.dir/link.txt --verbose=1
/Library/Developer/CommandLineTools/usr/bin/cc    -Wl,-search_paths_first -Wl,-headerpad_max_install_names  -v -Wl,-v CMakeFiles/cmTC_bae4c.dir/CMakeCCompilerABI.c.o  -o cmTC_bae4c  
Apple LLVM version 8.0.0 (clang-800.0.42.1)
Target: x86_64-apple-darwin15.6.0
Thread model: posix
InstalledDir: /Library/Developer/CommandLineTools/usr/bin
 "/Library/Developer/CommandLineTools/usr/bin/ld" -demangle -dynamic -arch x86_64 -macosx_version_min 10.11.0 -o cmTC_bae4c -search_paths_first -headerpad_max_install_names -v CMakeFiles/cmTC_bae4c.dir/CMakeCCompilerABI.c.o -lSystem /Library/Developer/CommandLineTools/usr/bin/../lib/clang/8.0.0/lib/darwin/libclang_rt.osx.a
@(#)PROGRAM:ld  PROJECT:ld64-274.2
configured to support archs: armv6 armv7 armv7s arm64 i386 x86_64 x86_64h armv6m armv7k armv7m armv7em (tvOS)
Library search paths:
	/usr/lib
	/usr/local/lib
Framework search paths:
	/Library/Frameworks/
	/System/Library/Frameworks/


Parsed C implicit link information from above output:
  link line regex: [^( *|.*[/\])(ld|([^/\]+-)?ld|collect2)[^/\]*( |$)]
  ignore line: [Change Dir: /Users/fukuta-mil/work_space/procon/cpp_learning/build/CMakeFiles/CMakeTmp]
  ignore line: []
  ignore line: [Run Build Command:"/usr/bin/make" "cmTC_bae4c/fast"]
  ignore line: [/Library/Developer/CommandLineTools/usr/bin/make -f CMakeFiles/cmTC_bae4c.dir/build.make CMakeFiles/cmTC_bae4c.dir/build]
  ignore line: [Building C object CMakeFiles/cmTC_bae4c.dir/CMakeCCompilerABI.c.o]
  ignore line: [/Library/Developer/CommandLineTools/usr/bin/cc     -o CMakeFiles/cmTC_bae4c.dir/CMakeCCompilerABI.c.o   -c /Applications/CLion.app/Contents/bin/cmake/share/cmake-3.6/Modules/CMakeCCompilerABI.c]
  ignore line: [Linking C executable cmTC_bae4c]
  ignore line: [/Applications/CLion.app/Contents/bin/cmake/bin/cmake -E cmake_link_script CMakeFiles/cmTC_bae4c.dir/link.txt --verbose=1]
  ignore line: [/Library/Developer/CommandLineTools/usr/bin/cc    -Wl,-search_paths_first -Wl,-headerpad_max_install_names  -v -Wl,-v CMakeFiles/cmTC_bae4c.dir/CMakeCCompilerABI.c.o  -o cmTC_bae4c  ]
  ignore line: [Apple LLVM version 8.0.0 (clang-800.0.42.1)]
  ignore line: [Target: x86_64-apple-darwin15.6.0]
  ignore line: [Thread model: posix]
  ignore line: [InstalledDir: /Library/Developer/CommandLineTools/usr/bin]
  link line: [ "/Library/Developer/CommandLineTools/usr/bin/ld" -demangle -dynamic -arch x86_64 -macosx_version_min 10.11.0 -o cmTC_bae4c -search_paths_first -headerpad_max_install_names -v CMakeFiles/cmTC_bae4c.dir/CMakeCCompilerABI.c.o -lSystem /Library/Developer/CommandLineTools/usr/bin/../lib/clang/8.0.0/lib/darwin/libclang_rt.osx.a]
    arg [/Library/Developer/CommandLineTools/usr/bin/ld] ==> ignore
    arg [-demangle] ==> ignore
    arg [-dynamic] ==> ignore
    arg [-arch] ==> ignore
    arg [x86_64] ==> ignore
    arg [-macosx_version_min] ==> ignore
    arg [10.11.0] ==> ignore
    arg [-o] ==> ignore
    arg [cmTC_bae4c] ==> ignore
    arg [-search_paths_first] ==> ignore
    arg [-headerpad_max_install_names] ==> ignore
    arg [-v] ==> ignore
    arg [CMakeFiles/cmTC_bae4c.dir/CMakeCCompilerABI.c.o] ==> ignore
    arg [-lSystem] ==> lib [System]
    arg [/Library/Developer/CommandLineTools/usr/bin/../lib/clang/8.0.0/lib/darwin/libclang_rt.osx.a] ==> lib [/Library/Developer/CommandLineTools/usr/bin/../lib/clang/8.0.0/lib/darwin/libclang_rt.osx.a]
  Library search paths: [;/usr/lib;/usr/local/lib]
  Framework search paths: [;/Library/Frameworks/;/System/Library/Frameworks/]
  remove lib [System]
  collapse lib [/Library/Developer/CommandLineTools/usr/bin/../lib/clang/8.0.0/lib/darwin/libclang_rt.osx.a] ==> [/Library/Developer/CommandLineTools/usr/lib/clang/8.0.0/lib/darwin/libclang_rt.osx.a]
  collapse library dir [/usr/lib] ==> [/usr/lib]
  collapse library dir [/usr/local/lib] ==> [/usr/local/lib]
  collapse framework dir [/Library/Frameworks/] ==> [/Library/Frameworks]
  collapse framework dir [/System/Library/Frameworks/] ==> [/System/Library/Frameworks]
  implicit libs: [/Library/Developer/CommandLineTools/usr/lib/clang/8.0.0/lib/darwin/libclang_rt.osx.a]
  implicit dirs: [/usr/lib;/usr/local/lib]
  implicit fwks: [/Library/Frameworks;/System/Library/Frameworks]




Detecting C [-std=c11] compiler features compiled with the following output:
Change Dir: /Users/fukuta-mil/work_space/procon/cpp_learning/build/CMakeFiles/CMakeTmp

Run Build Command:"/usr/bin/make" "cmTC_6c30c/fast"
/Library/Developer/CommandLineTools/usr/bin/make -f CMakeFiles/cmTC_6c30c.dir/build.make CMakeFiles/cmTC_6c30c.dir/build
Building C object CMakeFiles/cmTC_6c30c.dir/feature_tests.c.o
/Library/Developer/CommandLineTools/usr/bin/cc    -std=c11 -o CMakeFiles/cmTC_6c30c.dir/feature_tests.c.o   -c /Users/fukuta-mil/work_space/procon/cpp_learning/build/CMakeFiles/feature_tests.c
Linking C executable cmTC_6c30c
/Applications/CLion.app/Contents/bin/cmake/bin/cmake -E cmake_link_script CMakeFiles/cmTC_6c30c.dir/link.txt --verbose=1
/Library/Developer/CommandLineTools/usr/bin/cc    -Wl,-search_paths_first -Wl,-headerpad_max_install_names   CMakeFiles/cmTC_6c30c.dir/feature_tests.c.o  -o cmTC_6c30c 


    Feature record: C_FEATURE:1c_function_prototypes
    Feature record: C_FEATURE:1c_restrict
    Feature record: C_FEATURE:1c_static_assert
    Feature record: C_FEATURE:1c_variadic_macros


Detecting C [-std=c99] compiler features compiled with the following output:
Change Dir: /Users/fukuta-mil/work_space/procon/cpp_learning/build/CMakeFiles/CMakeTmp

Run Build Command:"/usr/bin/make" "cmTC_8259c/fast"
/Library/Developer/CommandLineTools/usr/bin/make -f CMakeFiles/cmTC_8259c.dir/build.make CMakeFiles/cmTC_8259c.dir/build
Building C object CMakeFiles/cmTC_8259c.dir/feature_tests.c.o
/Library/Developer/CommandLineTools/usr/bin/cc    -std=c99 -o CMakeFiles/cmTC_8259c.dir/feature_tests.c.o   -c /Users/fukuta-mil/work_space/procon/cpp_learning/build/CMakeFiles/feature_tests.c
Linking C executable cmTC_8259c
/Applications/CLion.app/Contents/bin/cmake/bin/cmake -E cmake_link_script CMakeFiles/cmTC_8259c.dir/link.txt --verbose=1
/Library/Developer/CommandLineTools/usr/bin/cc    -Wl,-search_paths_first -Wl,-headerpad_max_install_names   CMakeFiles/cmTC_8259c.dir/feature_tests.c.o  -o cmTC_8259c 


    Feature record: C_FEATURE:1c_function_prototypes
    Feature record: C_FEATURE:1c_restrict
    Feature record: C_FEATURE:0c_static_assert
    Feature record: C_FEATURE:1c_variadic_macros


Detecting C [-std=c90] compiler features compiled with the following output:
Change Dir: /Users/fukuta-mil/work_space/procon/cpp_learning/build/CMakeFiles/CMakeTmp

Run Build Command:"/usr/bin/make" "cmTC_6357a/fast"
/Library/Developer/CommandLineTools/usr/bin/make -f CMakeFiles/cmTC_6357a.dir/build.make CMakeFiles/cmTC_6357a.dir/build
Building C object CMakeFiles/cmTC_6357a.dir/feature_tests.c.o
/Library/Developer/CommandLineTools/usr/bin/cc    -std=c90 -o CMakeFiles/cmTC_6357a.dir/feature_tests.c.o   -c /Users/fukuta-mil/work_space/procon/cpp_learning/build/CMakeFiles/feature_tests.c
Linking C executable cmTC_6357a
/Applications/CLion.app/Contents/bin/cmake/bin/cmake -E cmake_link_script CMakeFiles/cmTC_6357a.dir/link.txt --verbose=1
/Library/Developer/CommandLineTools/usr/bin/cc    -Wl,-search_paths_first -Wl,-headerpad_max_install_names   CMakeFiles/cmTC_6357a.dir/feature_tests.c.o  -o cmTC_6357a 


    Feature record: C_FEATURE:1c_function_prototypes
    Feature record: C_FEATURE:0c_restrict
    Feature record: C_FEATURE:0c_static_assert
    Feature record: C_FEATURE:0c_variadic_macros
Determining if the CXX compiler works passed with the following output:
Change Dir: /Users/fukuta-mil/work_space/procon/cpp_learning/build/CMakeFiles/CMakeTmp

Run Build Command:"/usr/bin/make" "cmTC_381bc/fast"
/Library/Developer/CommandLineTools/usr/bin/make -f CMakeFiles/cmTC_381bc.dir/build.make CMakeFiles/cmTC_381bc.dir/build
Building CXX object CMakeFiles/cmTC_381bc.dir/testCXXCompiler.cxx.o
/usr/local/bin/g++      -o CMakeFiles/cmTC_381bc.dir/testCXXCompiler.cxx.o -c /Users/fukuta-mil/work_space/procon/cpp_learning/build/CMakeFiles/CMakeTmp/testCXXCompiler.cxx
Linking CXX executable cmTC_381bc
/Applications/CLion.app/Contents/bin/cmake/bin/cmake -E cmake_link_script CMakeFiles/cmTC_381bc.dir/link.txt --verbose=1
/usr/local/bin/g++     -Wl,-search_paths_first -Wl,-headerpad_max_install_names   CMakeFiles/cmTC_381bc.dir/testCXXCompiler.cxx.o  -o cmTC_381bc 


Detecting CXX compiler ABI info compiled with the following output:
Change Dir: /Users/fukuta-mil/work_space/procon/cpp_learning/build/CMakeFiles/CMakeTmp

Run Build Command:"/usr/bin/make" "cmTC_af5de/fast"
/Library/Developer/CommandLineTools/usr/bin/make -f CMakeFiles/cmTC_af5de.dir/build.make CMakeFiles/cmTC_af5de.dir/build
Building CXX object CMakeFiles/cmTC_af5de.dir/CMakeCXXCompilerABI.cpp.o
/usr/local/bin/g++      -o CMakeFiles/cmTC_af5de.dir/CMakeCXXCompilerABI.cpp.o -c /Applications/CLion.app/Contents/bin/cmake/share/cmake-3.6/Modules/CMakeCXXCompilerABI.cpp
Linking CXX executable cmTC_af5de
/Applications/CLion.app/Contents/bin/cmake/bin/cmake -E cmake_link_script CMakeFiles/cmTC_af5de.dir/link.txt --verbose=1
/usr/local/bin/g++     -Wl,-search_paths_first -Wl,-headerpad_max_install_names  -v -Wl,-v CMakeFiles/cmTC_af5de.dir/CMakeCXXCompilerABI.cpp.o  -o cmTC_af5de  
Using built-in specs.
COLLECT_GCC=/usr/local/bin/g++
COLLECT_LTO_WRAPPER=/usr/local/Cellar/gcc/6.2.0/libexec/gcc/x86_64-apple-darwin15.6.0/6.2.0/lto-wrapper
Target: x86_64-apple-darwin15.6.0
Configured with: ../configure --build=x86_64-apple-darwin15.6.0 --prefix=/usr/local/Cellar/gcc/6.2.0 --libdir=/usr/local/Cellar/gcc/6.2.0/lib/gcc/6 --enable-languages=c,c++,objc,obj-c++,fortran --program-suffix=-6 --with-gmp=/usr/local/opt/gmp --with-mpfr=/usr/local/opt/mpfr --with-mpc=/usr/local/opt/libmpc --with-isl=/usr/local/opt/isl --with-system-zlib --enable-libstdcxx-time=yes --enable-stage1-checking --enable-checking=release --enable-lto --with-build-config=bootstrap-debug --disable-werror --with-pkgversion='Homebrew gcc 6.2.0' --with-bugurl=https://github.com/Homebrew/homebrew/issues --enable-plugin --disable-nls --enable-multilib
Thread model: posix
gcc version 6.2.0 (Homebrew gcc 6.2.0) 
COMPILER_PATH=/usr/local/Cellar/gcc/6.2.0/libexec/gcc/x86_64-apple-darwin15.6.0/6.2.0/:/usr/local/Cellar/gcc/6.2.0/libexec/gcc/x86_64-apple-darwin15.6.0/6.2.0/:/usr/local/Cellar/gcc/6.2.0/libexec/gcc/x86_64-apple-darwin15.6.0/:/usr/local/Cellar/gcc/6.2.0/lib/gcc/6/gcc/x86_64-apple-darwin15.6.0/6.2.0/:/usr/local/Cellar/gcc/6.2.0/lib/gcc/6/gcc/x86_64-apple-darwin15.6.0/
LIBRARY_PATH=/usr/local/Cellar/gcc/6.2.0/lib/gcc/6/gcc/x86_64-apple-darwin15.6.0/6.2.0/:/usr/local/Cellar/gcc/6.2.0/lib/gcc/6/gcc/x86_64-apple-darwin15.6.0/6.2.0/../../../
COLLECT_GCC_OPTIONS='-v' '-o' 'cmTC_af5de' '-mmacosx-version-min=10.11.6' '-shared-libgcc' '-mtune=core2'
 /usr/local/Cellar/gcc/6.2.0/libexec/gcc/x86_64-apple-darwin15.6.0/6.2.0/collect2 -dynamic -arch x86_64 -macosx_version_min 10.11.6 -weak_reference_mismatches non-weak -o cmTC_af5de -L/usr/local/Cellar/gcc/6.2.0/lib/gcc/6/gcc/x86_64-apple-darwin15.6.0/6.2.0 -L/usr/local/Cellar/gcc/6.2.0/lib/gcc/6/gcc/x86_64-apple-darwin15.6.0/6.2.0/../../.. -search_paths_first -headerpad_max_install_names -v CMakeFiles/cmTC_af5de.dir/CMakeCXXCompilerABI.cpp.o -lstdc++ -no_compact_unwind -lSystem -lgcc_ext.10.5 -lgcc -lSystem -v
collect2 version 6.2.0
/usr/bin/ld -dynamic -arch x86_64 -macosx_version_min 10.11.6 -weak_reference_mismatches non-weak -o cmTC_af5de -L/usr/local/Cellar/gcc/6.2.0/lib/gcc/6/gcc/x86_64-apple-darwin15.6.0/6.2.0 -L/usr/local/Cellar/gcc/6.2.0/lib/gcc/6/gcc/x86_64-apple-darwin15.6.0/6.2.0/../../.. -search_paths_first -headerpad_max_install_names -v CMakeFiles/cmTC_af5de.dir/CMakeCXXCompilerABI.cpp.o -lstdc++ -no_compact_unwind -lSystem -lgcc_ext.10.5 -lgcc -lSystem -v
@(#)PROGRAM:ld  PROJECT:ld64-274.2
configured to support archs: armv6 armv7 armv7s arm64 i386 x86_64 x86_64h armv6m armv7k armv7m armv7em (tvOS)
@(#)PROGRAM:ld  PROJECT:ld64-274.2
configured to support archs: armv6 armv7 armv7s arm64 i386 x86_64 x86_64h armv6m armv7k armv7m armv7em (tvOS)
Library search paths:
	/usr/local/Cellar/gcc/6.2.0/lib/gcc/6/gcc/x86_64-apple-darwin15.6.0/6.2.0
	/usr/local/Cellar/gcc/6.2.0/lib/gcc/6
	/usr/lib
	/usr/local/lib
Framework search paths:
	/Library/Frameworks/
	/System/Library/Frameworks/
 /usr/bin/nm -n CMakeFiles/cmTC_af5de.dir/CMakeCXXCompilerABI.cpp.o


Parsed CXX implicit link information from above output:
  link line regex: [^( *|.*[/\])(ld|([^/\]+-)?ld|collect2)[^/\]*( |$)]
  ignore line: [Change Dir: /Users/fukuta-mil/work_space/procon/cpp_learning/build/CMakeFiles/CMakeTmp]
  ignore line: []
  ignore line: [Run Build Command:"/usr/bin/make" "cmTC_af5de/fast"]
  ignore line: [/Library/Developer/CommandLineTools/usr/bin/make -f CMakeFiles/cmTC_af5de.dir/build.make CMakeFiles/cmTC_af5de.dir/build]
  ignore line: [Building CXX object CMakeFiles/cmTC_af5de.dir/CMakeCXXCompilerABI.cpp.o]
  ignore line: [/usr/local/bin/g++      -o CMakeFiles/cmTC_af5de.dir/CMakeCXXCompilerABI.cpp.o -c /Applications/CLion.app/Contents/bin/cmake/share/cmake-3.6/Modules/CMakeCXXCompilerABI.cpp]
  ignore line: [Linking CXX executable cmTC_af5de]
  ignore line: [/Applications/CLion.app/Contents/bin/cmake/bin/cmake -E cmake_link_script CMakeFiles/cmTC_af5de.dir/link.txt --verbose=1]
  ignore line: [/usr/local/bin/g++     -Wl,-search_paths_first -Wl,-headerpad_max_install_names  -v -Wl,-v CMakeFiles/cmTC_af5de.dir/CMakeCXXCompilerABI.cpp.o  -o cmTC_af5de  ]
  ignore line: [Using built-in specs.]
  ignore line: [COLLECT_GCC=/usr/local/bin/g++]
  ignore line: [COLLECT_LTO_WRAPPER=/usr/local/Cellar/gcc/6.2.0/libexec/gcc/x86_64-apple-darwin15.6.0/6.2.0/lto-wrapper]
  ignore line: [Target: x86_64-apple-darwin15.6.0]
  ignore line: [Configured with: ../configure --build=x86_64-apple-darwin15.6.0 --prefix=/usr/local/Cellar/gcc/6.2.0 --libdir=/usr/local/Cellar/gcc/6.2.0/lib/gcc/6 --enable-languages=c,c++,objc,obj-c++,fortran --program-suffix=-6 --with-gmp=/usr/local/opt/gmp --with-mpfr=/usr/local/opt/mpfr --with-mpc=/usr/local/opt/libmpc --with-isl=/usr/local/opt/isl --with-system-zlib --enable-libstdcxx-time=yes --enable-stage1-checking --enable-checking=release --enable-lto --with-build-config=bootstrap-debug --disable-werror --with-pkgversion='Homebrew gcc 6.2.0' --with-bugurl=https://github.com/Homebrew/homebrew/issues --enable-plugin --disable-nls --enable-multilib]
  ignore line: [Thread model: posix]
  ignore line: [gcc version 6.2.0 (Homebrew gcc 6.2.0) ]
  ignore line: [COMPILER_PATH=/usr/local/Cellar/gcc/6.2.0/libexec/gcc/x86_64-apple-darwin15.6.0/6.2.0/:/usr/local/Cellar/gcc/6.2.0/libexec/gcc/x86_64-apple-darwin15.6.0/6.2.0/:/usr/local/Cellar/gcc/6.2.0/libexec/gcc/x86_64-apple-darwin15.6.0/:/usr/local/Cellar/gcc/6.2.0/lib/gcc/6/gcc/x86_64-apple-darwin15.6.0/6.2.0/:/usr/local/Cellar/gcc/6.2.0/lib/gcc/6/gcc/x86_64-apple-darwin15.6.0/]
  ignore line: [LIBRARY_PATH=/usr/local/Cellar/gcc/6.2.0/lib/gcc/6/gcc/x86_64-apple-darwin15.6.0/6.2.0/:/usr/local/Cellar/gcc/6.2.0/lib/gcc/6/gcc/x86_64-apple-darwin15.6.0/6.2.0/../../../]
  ignore line: [COLLECT_GCC_OPTIONS='-v' '-o' 'cmTC_af5de' '-mmacosx-version-min=10.11.6' '-shared-libgcc' '-mtune=core2']
  link line: [ /usr/local/Cellar/gcc/6.2.0/libexec/gcc/x86_64-apple-darwin15.6.0/6.2.0/collect2 -dynamic -arch x86_64 -macosx_version_min 10.11.6 -weak_reference_mismatches non-weak -o cmTC_af5de -L/usr/local/Cellar/gcc/6.2.0/lib/gcc/6/gcc/x86_64-apple-darwin15.6.0/6.2.0 -L/usr/local/Cellar/gcc/6.2.0/lib/gcc/6/gcc/x86_64-apple-darwin15.6.0/6.2.0/../../.. -search_paths_first -headerpad_max_install_names -v CMakeFiles/cmTC_af5de.dir/CMakeCXXCompilerABI.cpp.o -lstdc++ -no_compact_unwind -lSystem -lgcc_ext.10.5 -lgcc -lSystem -v]
    arg [/usr/local/Cellar/gcc/6.2.0/libexec/gcc/x86_64-apple-darwin15.6.0/6.2.0/collect2] ==> ignore
    arg [-dynamic] ==> ignore
    arg [-arch] ==> ignore
    arg [x86_64] ==> ignore
    arg [-macosx_version_min] ==> ignore
    arg [10.11.6] ==> ignore
    arg [-weak_reference_mismatches] ==> ignore
    arg [non-weak] ==> ignore
    arg [-o] ==> ignore
    arg [cmTC_af5de] ==> ignore
    arg [-L/usr/local/Cellar/gcc/6.2.0/lib/gcc/6/gcc/x86_64-apple-darwin15.6.0/6.2.0] ==> dir [/usr/local/Cellar/gcc/6.2.0/lib/gcc/6/gcc/x86_64-apple-darwin15.6.0/6.2.0]
    arg [-L/usr/local/Cellar/gcc/6.2.0/lib/gcc/6/gcc/x86_64-apple-darwin15.6.0/6.2.0/../../..] ==> dir [/usr/local/Cellar/gcc/6.2.0/lib/gcc/6/gcc/x86_64-apple-darwin15.6.0/6.2.0/../../..]
    arg [-search_paths_first] ==> ignore
    arg [-headerpad_max_install_names] ==> ignore
    arg [-v] ==> ignore
    arg [CMakeFiles/cmTC_af5de.dir/CMakeCXXCompilerABI.cpp.o] ==> ignore
    arg [-lstdc++] ==> lib [stdc++]
    arg [-no_compact_unwind] ==> ignore
    arg [-lSystem] ==> lib [System]
    arg [-lgcc_ext.10.5] ==> lib [gcc_ext.10.5]
    arg [-lgcc] ==> lib [gcc]
    arg [-lSystem] ==> lib [System]
    arg [-v] ==> ignore
  Library search paths: [;/usr/local/Cellar/gcc/6.2.0/lib/gcc/6/gcc/x86_64-apple-darwin15.6.0/6.2.0;/usr/local/Cellar/gcc/6.2.0/lib/gcc/6;/usr/lib;/usr/local/lib]
  Framework search paths: [;/Library/Frameworks/;/System/Library/Frameworks/]
  remove lib [System]
  remove lib [gcc_ext.10.5]
  remove lib [gcc]
  remove lib [System]
  collapse library dir [/usr/local/Cellar/gcc/6.2.0/lib/gcc/6/gcc/x86_64-apple-darwin15.6.0/6.2.0] ==> [/usr/local/Cellar/gcc/6.2.0/lib/gcc/6/gcc/x86_64-apple-darwin15.6.0/6.2.0]
  collapse library dir [/usr/local/Cellar/gcc/6.2.0/lib/gcc/6/gcc/x86_64-apple-darwin15.6.0/6.2.0/../../..] ==> [/usr/local/Cellar/gcc/6.2.0/lib/gcc/6]
  collapse library dir [/usr/local/Cellar/gcc/6.2.0/lib/gcc/6/gcc/x86_64-apple-darwin15.6.0/6.2.0] ==> [/usr/local/Cellar/gcc/6.2.0/lib/gcc/6/gcc/x86_64-apple-darwin15.6.0/6.2.0]
  collapse library dir [/usr/local/Cellar/gcc/6.2.0/lib/gcc/6] ==> [/usr/local/Cellar/gcc/6.2.0/lib/gcc/6]
  collapse library dir [/usr/lib] ==> [/usr/lib]
  collapse library dir [/usr/local/lib] ==> [/usr/local/lib]
  collapse framework dir [/Library/Frameworks/] ==> [/Library/Frameworks]
  collapse framework dir [/System/Library/Frameworks/] ==> [/System/Library/Frameworks]
  implicit libs: [stdc++]
  implicit dirs: [/usr/local/Cellar/gcc/6.2.0/lib/gcc/6/gcc/x86_64-apple-darwin15.6.0/6.2.0;/usr/local/Cellar/gcc/6.2.0/lib/gcc/6;/usr/lib;/usr/local/lib]
  implicit fwks: [/Library/Frameworks;/System/Library/Frameworks]




Detecting CXX [-std=c++14] compiler features compiled with the following output:
Change Dir: /Users/fukuta-mil/work_space/procon/cpp_learning/build/CMakeFiles/CMakeTmp

Run Build Command:"/usr/bin/make" "cmTC_32556/fast"
/Library/Developer/CommandLineTools/usr/bin/make -f CMakeFiles/cmTC_32556.dir/build.make CMakeFiles/cmTC_32556.dir/build
Building CXX object CMakeFiles/cmTC_32556.dir/feature_tests.cxx.o
/usr/local/bin/g++     -std=c++14 -o CMakeFiles/cmTC_32556.dir/feature_tests.cxx.o -c /Users/fukuta-mil/work_space/procon/cpp_learning/build/CMakeFiles/feature_tests.cxx
Linking CXX executable cmTC_32556
/Applications/CLion.app/Contents/bin/cmake/bin/cmake -E cmake_link_script CMakeFiles/cmTC_32556.dir/link.txt --verbose=1
/usr/local/bin/g++     -Wl,-search_paths_first -Wl,-headerpad_max_install_names   CMakeFiles/cmTC_32556.dir/feature_tests.cxx.o  -o cmTC_32556 


    Feature record: CXX_FEATURE:1cxx_aggregate_default_initializers
    Feature record: CXX_FEATURE:1cxx_alias_templates
    Feature record: CXX_FEATURE:1cxx_alignas
    Feature record: CXX_FEATURE:1cxx_alignof
    Feature record: CXX_FEATURE:1cxx_attributes
    Feature record: CXX_FEATURE:1cxx_attribute_deprecated
    Feature record: CXX_FEATURE:1cxx_auto_type
    Feature record: CXX_FEATURE:1cxx_binary_literals
    Feature record: CXX_FEATURE:1cxx_constexpr
    Feature record: CXX_FEATURE:1cxx_contextual_conversions
    Feature record: CXX_FEATURE:1cxx_decltype
    Feature record: CXX_FEATURE:1cxx_decltype_auto
    Feature record: CXX_FEATURE:1cxx_decltype_incomplete_return_types
    Feature record: CXX_FEATURE:1cxx_default_function_template_args
    Feature record: CXX_FEATURE:1cxx_defaulted_functions
    Feature record: CXX_FEATURE:1cxx_defaulted_move_initializers
    Feature record: CXX_FEATURE:1cxx_delegating_constructors
    Feature record: CXX_FEATURE:1cxx_deleted_functions
    Feature record: CXX_FEATURE:1cxx_digit_separators
    Feature record: CXX_FEATURE:1cxx_enum_forward_declarations
    Feature record: CXX_FEATURE:1cxx_explicit_conversions
    Feature record: CXX_FEATURE:1cxx_extended_friend_declarations
    Feature record: CXX_FEATURE:1cxx_extern_templates
    Feature record: CXX_FEATURE:1cxx_final
    Feature record: CXX_FEATURE:1cxx_func_identifier
    Feature record: CXX_FEATURE:1cxx_generalized_initializers
    Feature record: CXX_FEATURE:1cxx_generic_lambdas
    Feature record: CXX_FEATURE:1cxx_inheriting_constructors
    Feature record: CXX_FEATURE:1cxx_inline_namespaces
    Feature record: CXX_FEATURE:1cxx_lambdas
    Feature record: CXX_FEATURE:1cxx_lambda_init_captures
    Feature record: CXX_FEATURE:1cxx_local_type_template_args
    Feature record: CXX_FEATURE:1cxx_long_long_type
    Feature record: CXX_FEATURE:1cxx_noexcept
    Feature record: CXX_FEATURE:1cxx_nonstatic_member_init
    Feature record: CXX_FEATURE:1cxx_nullptr
    Feature record: CXX_FEATURE:1cxx_override
    Feature record: CXX_FEATURE:1cxx_range_for
    Feature record: CXX_FEATURE:1cxx_raw_string_literals
    Feature record: CXX_FEATURE:1cxx_reference_qualified_functions
    Feature record: CXX_FEATURE:1cxx_relaxed_constexpr
    Feature record: CXX_FEATURE:1cxx_return_type_deduction
    Feature record: CXX_FEATURE:1cxx_right_angle_brackets
    Feature record: CXX_FEATURE:1cxx_rvalue_references
    Feature record: CXX_FEATURE:1cxx_sizeof_member
    Feature record: CXX_FEATURE:1cxx_static_assert
    Feature record: CXX_FEATURE:1cxx_strong_enums
    Feature record: CXX_FEATURE:1cxx_template_template_parameters
    Feature record: CXX_FEATURE:1cxx_thread_local
    Feature record: CXX_FEATURE:1cxx_trailing_return_types
    Feature record: CXX_FEATURE:1cxx_unicode_literals
    Feature record: CXX_FEATURE:1cxx_uniform_initialization
    Feature record: CXX_FEATURE:1cxx_unrestricted_unions
    Feature record: CXX_FEATURE:1cxx_user_literals
    Feature record: CXX_FEATURE:1cxx_variable_templates
    Feature record: CXX_FEATURE:1cxx_variadic_macros
    Feature record: CXX_FEATURE:1cxx_variadic_templates


Detecting CXX [-std=c++11] compiler features compiled with the following output:
Change Dir: /Users/fukuta-mil/work_space/procon/cpp_learning/build/CMakeFiles/CMakeTmp

Run Build Command:"/usr/bin/make" "cmTC_0a5ea/fast"
/Library/Developer/CommandLineTools/usr/bin/make -f CMakeFiles/cmTC_0a5ea.dir/build.make CMakeFiles/cmTC_0a5ea.dir/build
Building CXX object CMakeFiles/cmTC_0a5ea.dir/feature_tests.cxx.o
/usr/local/bin/g++     -std=c++11 -o CMakeFiles/cmTC_0a5ea.dir/feature_tests.cxx.o -c /Users/fukuta-mil/work_space/procon/cpp_learning/build/CMakeFiles/feature_tests.cxx
Linking CXX executable cmTC_0a5ea
/Applications/CLion.app/Contents/bin/cmake/bin/cmake -E cmake_link_script CMakeFiles/cmTC_0a5ea.dir/link.txt --verbose=1
/usr/local/bin/g++     -Wl,-search_paths_first -Wl,-headerpad_max_install_names   CMakeFiles/cmTC_0a5ea.dir/feature_tests.cxx.o  -o cmTC_0a5ea 


    Feature record: CXX_FEATURE:0cxx_aggregate_default_initializers
    Feature record: CXX_FEATURE:1cxx_alias_templates
    Feature record: CXX_FEATURE:1cxx_alignas
    Feature record: CXX_FEATURE:1cxx_alignof
    Feature record: CXX_FEATURE:1cxx_attributes
    Feature record: CXX_FEATURE:0cxx_attribute_deprecated
    Feature record: CXX_FEATURE:1cxx_auto_type
    Feature record: CXX_FEATURE:0cxx_binary_literals
    Feature record: CXX_FEATURE:1cxx_constexpr
    Feature record: CXX_FEATURE:0cxx_contextual_conversions
    Feature record: CXX_FEATURE:1cxx_decltype
    Feature record: CXX_FEATURE:0cxx_decltype_auto
    Feature record: CXX_FEATURE:1cxx_decltype_incomplete_return_types
    Feature record: CXX_FEATURE:1cxx_default_function_template_args
    Feature record: CXX_FEATURE:1cxx_defaulted_functions
    Feature record: CXX_FEATURE:1cxx_defaulted_move_initializers
    Feature record: CXX_FEATURE:1cxx_delegating_constructors
    Feature record: CXX_FEATURE:1cxx_deleted_functions
    Feature record: CXX_FEATURE:0cxx_digit_separators
    Feature record: CXX_FEATURE:1cxx_enum_forward_declarations
    Feature record: CXX_FEATURE:1cxx_explicit_conversions
    Feature record: CXX_FEATURE:1cxx_extended_friend_declarations
    Feature record: CXX_FEATURE:1cxx_extern_templates
    Feature record: CXX_FEATURE:1cxx_final
    Feature record: CXX_FEATURE:1cxx_func_identifier
    Feature record: CXX_FEATURE:1cxx_generalized_initializers
    Feature record: CXX_FEATURE:0cxx_generic_lambdas
    Feature record: CXX_FEATURE:1cxx_inheriting_constructors
    Feature record: CXX_FEATURE:1cxx_inline_namespaces
    Feature record: CXX_FEATURE:1cxx_lambdas
    Feature record: CXX_FEATURE:0cxx_lambda_init_captures
    Feature record: CXX_FEATURE:1cxx_local_type_template_args
    Feature record: CXX_FEATURE:1cxx_long_long_type
    Feature record: CXX_FEATURE:1cxx_noexcept
    Feature record: CXX_FEATURE:1cxx_nonstatic_member_init
    Feature record: CXX_FEATURE:1cxx_nullptr
    Feature record: CXX_FEATURE:1cxx_override
    Feature record: CXX_FEATURE:1cxx_range_for
    Feature record: CXX_FEATURE:1cxx_raw_string_literals
    Feature record: CXX_FEATURE:1cxx_reference_qualified_functions
    Feature record: CXX_FEATURE:0cxx_relaxed_constexpr
    Feature record: CXX_FEATURE:0cxx_return_type_deduction
    Feature record: CXX_FEATURE:1cxx_right_angle_brackets
    Feature record: CXX_FEATURE:1cxx_rvalue_references
    Feature record: CXX_FEATURE:1cxx_sizeof_member
    Feature record: CXX_FEATURE:1cxx_static_assert
    Feature record: CXX_FEATURE:1cxx_strong_enums
    Feature record: CXX_FEATURE:1cxx_template_template_parameters
    Feature record: CXX_FEATURE:1cxx_thread_local
    Feature record: CXX_FEATURE:1cxx_trailing_return_types
    Feature record: CXX_FEATURE:1cxx_unicode_literals
    Feature record: CXX_FEATURE:1cxx_uniform_initialization
    Feature record: CXX_FEATURE:1cxx_unrestricted_unions
    Feature record: CXX_FEATURE:1cxx_user_literals
    Feature record: CXX_FEATURE:0cxx_variable_templates
    Feature record: CXX_FEATURE:1cxx_variadic_macros
    Feature record: CXX_FEATURE:1cxx_variadic_templates


Detecting CXX [-std=c++98] compiler features compiled with the following output:
Change Dir: /Users/fukuta-mil/work_space/procon/cpp_learning/build/CMakeFiles/CMakeTmp

Run Build Command:"/usr/bin/make" "cmTC_2bee7/fast"
/Library/Developer/CommandLineTools/usr/bin/make -f CMakeFiles/cmTC_2bee7.dir/build.make CMakeFiles/cmTC_2bee7.dir/build
Building CXX object CMakeFiles/cmTC_2bee7.dir/feature_tests.cxx.o
/usr/local/bin/g++     -std=c++98 -o CMakeFiles/cmTC_2bee7.dir/feature_tests.cxx.o -c /Users/fukuta-mil/work_space/procon/cpp_learning/build/CMakeFiles/feature_tests.cxx
Linking CXX executable cmTC_2bee7
/Applications/CLion.app/Contents/bin/cmake/bin/cmake -E cmake_link_script CMakeFiles/cmTC_2bee7.dir/link.txt --verbose=1
/usr/local/bin/g++     -Wl,-search_paths_first -Wl,-headerpad_max_install_names   CMakeFiles/cmTC_2bee7.dir/feature_tests.cxx.o  -o cmTC_2bee7 


    Feature record: CXX_FEATURE:0cxx_aggregate_default_initializers
    Feature record: CXX_FEATURE:0cxx_alias_templates
    Feature record: CXX_FEATURE:0cxx_alignas
    Feature record: CXX_FEATURE:0cxx_alignof
    Feature record: CXX_FEATURE:0cxx_attributes
    Feature record: CXX_FEATURE:0cxx_attribute_deprecated
    Feature record: CXX_FEATURE:0cxx_auto_type
    Feature record: CXX_FEATURE:0cxx_binary_literals
    Feature record: CXX_FEATURE:0cxx_constexpr
    Feature record: CXX_FEATURE:0cxx_contextual_conversions
    Feature record: CXX_FEATURE:0cxx_decltype
    Feature record: CXX_FEATURE:0cxx_decltype_auto
    Feature record: CXX_FEATURE:0cxx_decltype_incomplete_return_types
    Feature record: CXX_FEATURE:0cxx_default_function_template_args
    Feature record: CXX_FEATURE:0cxx_defaulted_functions
    Feature record: CXX_FEATURE:0cxx_defaulted_move_initializers
    Feature record: CXX_FEATURE:0cxx_delegating_constructors
    Feature record: CXX_FEATURE:0cxx_deleted_functions
    Feature record: CXX_FEATURE:0cxx_digit_separators
    Feature record: CXX_FEATURE:0cxx_enum_forward_declarations
    Feature record: CXX_FEATURE:0cxx_explicit_conversions
    Feature record: CXX_FEATURE:0cxx_extended_friend_declarations
    Feature record: CXX_FEATURE:0cxx_extern_templates
    Feature record: CXX_FEATURE:0cxx_final
    Feature record: CXX_FEATURE:0cxx_func_identifier
    Feature record: CXX_FEATURE:0cxx_generalized_initializers
    Feature record: CXX_FEATURE:0cxx_generic_lambdas
    Feature record: CXX_FEATURE:0cxx_inheriting_constructors
    Feature record: CXX_FEATURE:0cxx_inline_namespaces
    Feature record: CXX_FEATURE:0cxx_lambdas
    Feature record: CXX_FEATURE:0cxx_lambda_init_captures
    Feature record: CXX_FEATURE:0cxx_local_type_template_args
    Feature record: CXX_FEATURE:0cxx_long_long_type
    Feature record: CXX_FEATURE:0cxx_noexcept
    Feature record: CXX_FEATURE:0cxx_nonstatic_member_init
    Feature record: CXX_FEATURE:0cxx_nullptr
    Feature record: CXX_FEATURE:0cxx_override
    Feature record: CXX_FEATURE:0cxx_range_for
    Feature record: CXX_FEATURE:0cxx_raw_string_literals
    Feature record: CXX_FEATURE:0cxx_reference_qualified_functions
    Feature record: CXX_FEATURE:0cxx_relaxed_constexpr
    Feature record: CXX_FEATURE:0cxx_return_type_deduction
    Feature record: CXX_FEATURE:0cxx_right_angle_brackets
    Feature record: CXX_FEATURE:0cxx_rvalue_references
    Feature record: CXX_FEATURE:0cxx_sizeof_member
    Feature record: CXX_FEATURE:0cxx_static_assert
    Feature record: CXX_FEATURE:0cxx_strong_enums
    Feature record: CXX_FEATURE:1cxx_template_template_parameters
    Feature record: CXX_FEATURE:0cxx_thread_local
    Feature record: CXX_FEATURE:0cxx_trailing_return_types
    Feature record: CXX_FEATURE:0cxx_unicode_literals
    Feature record: CXX_FEATURE:0cxx_uniform_initialization
    Feature record: CXX_FEATURE:0cxx_unrestricted_unions
    Feature record: CXX_FEATURE:0cxx_user_literals
    Feature record: CXX_FEATURE:0cxx_variable_templates
    Feature record: CXX_FEATURE:0cxx_variadic_macros
    Feature record: CXX_FEATURE:0cxx_variadic_templates
The system is: Darwin - 15.6.0 - x86_64
Compiling the C compiler identification source file "CMakeCCompilerId.c" succeeded.
Compiler: /Library/Developer/CommandLineTools/usr/bin/cc 
Build flags: 
Id flags: 

The output was:
0


Compilation of the C compiler identification source "CMakeCCompilerId.c" produced "a.out"

The C compiler identification is AppleClang, found in "/Users/fukuta-mil/work_space/procon/cpp_learning/build/CMakeFiles/3.7.0/CompilerIdC/a.out"

Compiling the CXX compiler identification source file "CMakeCXXCompilerId.cpp" succeeded.
Compiler: /usr/local/bin/g++ 
Build flags: 
Id flags: 

The output was:
0


Compilation of the CXX compiler identification source "CMakeCXXCompilerId.cpp" produced "a.out"

The CXX compiler identification is GNU, found in "/Users/fukuta-mil/work_space/procon/cpp_learning/build/CMakeFiles/3.7.0/CompilerIdCXX/a.out"

Determining if the C compiler works passed with the following output:
Change Dir: /Users/fukuta-mil/work_space/procon/cpp_learning/build/CMakeFiles/CMakeTmp

Run Build Command:"/usr/bin/make" "cmTC_05bbf/fast"
/Library/Developer/CommandLineTools/usr/bin/make -f CMakeFiles/cmTC_05bbf.dir/build.make CMakeFiles/cmTC_05bbf.dir/build
Building C object CMakeFiles/cmTC_05bbf.dir/testCCompiler.c.o
/Library/Developer/CommandLineTools/usr/bin/cc     -o CMakeFiles/cmTC_05bbf.dir/testCCompiler.c.o   -c /Users/fukuta-mil/work_space/procon/cpp_learning/build/CMakeFiles/CMakeTmp/testCCompiler.c
Linking C executable cmTC_05bbf
/usr/local/Cellar/cmake/3.7.0/bin/cmake -E cmake_link_script CMakeFiles/cmTC_05bbf.dir/link.txt --verbose=1
/Library/Developer/CommandLineTools/usr/bin/cc    -Wl,-search_paths_first -Wl,-headerpad_max_install_names   CMakeFiles/cmTC_05bbf.dir/testCCompiler.c.o  -o cmTC_05bbf 


Detecting C compiler ABI info compiled with the following output:
Change Dir: /Users/fukuta-mil/work_space/procon/cpp_learning/build/CMakeFiles/CMakeTmp

Run Build Command:"/usr/bin/make" "cmTC_81164/fast"
/Library/Developer/CommandLineTools/usr/bin/make -f CMakeFiles/cmTC_81164.dir/build.make CMakeFiles/cmTC_81164.dir/build
Building C object CMakeFiles/cmTC_81164.dir/CMakeCCompilerABI.c.o
/Library/Developer/CommandLineTools/usr/bin/cc     -o CMakeFiles/cmTC_81164.dir/CMakeCCompilerABI.c.o   -c /usr/local/Cellar/cmake/3.7.0/share/cmake/Modules/CMakeCCompilerABI.c
Linking C executable cmTC_81164
/usr/local/Cellar/cmake/3.7.0/bin/cmake -E cmake_link_script CMakeFiles/cmTC_81164.dir/link.txt --verbose=1
/Library/Developer/CommandLineTools/usr/bin/cc    -Wl,-search_paths_first -Wl,-headerpad_max_install_names  -v -Wl,-v CMakeFiles/cmTC_81164.dir/CMakeCCompilerABI.c.o  -o cmTC_81164  
Apple LLVM version 8.0.0 (clang-800.0.42.1)
Target: x86_64-apple-darwin15.6.0
Thread model: posix
InstalledDir: /Library/Developer/CommandLineTools/usr/bin
 "/Library/Developer/CommandLineTools/usr/bin/ld" -demangle -dynamic -arch x86_64 -macosx_version_min 10.11.0 -o cmTC_81164 -search_paths_first -headerpad_max_install_names -v CMakeFiles/cmTC_81164.dir/CMakeCCompilerABI.c.o -lSystem /Library/Developer/CommandLineTools/usr/bin/../lib/clang/8.0.0/lib/darwin/libclang_rt.osx.a
@(#)PROGRAM:ld  PROJECT:ld64-274.2
configured to support archs: armv6 armv7 armv7s arm64 i386 x86_64 x86_64h armv6m armv7k armv7m armv7em (tvOS)
Library search paths:
	/usr/lib
	/usr/local/lib
Framework search paths:
	/Library/Frameworks/
	/System/Library/Frameworks/


Parsed C implicit link information from above output:
  link line regex: [^( *|.*[/\])(ld|([^/\]+-)?ld|collect2)[^/\]*( |$)]
  ignore line: [Change Dir: /Users/fukuta-mil/work_space/procon/cpp_learning/build/CMakeFiles/CMakeTmp]
  ignore line: []
  ignore line: [Run Build Command:"/usr/bin/make" "cmTC_81164/fast"]
  ignore line: [/Library/Developer/CommandLineTools/usr/bin/make -f CMakeFiles/cmTC_81164.dir/build.make CMakeFiles/cmTC_81164.dir/build]
  ignore line: [Building C object CMakeFiles/cmTC_81164.dir/CMakeCCompilerABI.c.o]
  ignore line: [/Library/Developer/CommandLineTools/usr/bin/cc     -o CMakeFiles/cmTC_81164.dir/CMakeCCompilerABI.c.o   -c /usr/local/Cellar/cmake/3.7.0/share/cmake/Modules/CMakeCCompilerABI.c]
  ignore line: [Linking C executable cmTC_81164]
  ignore line: [/usr/local/Cellar/cmake/3.7.0/bin/cmake -E cmake_link_script CMakeFiles/cmTC_81164.dir/link.txt --verbose=1]
  ignore line: [/Library/Developer/CommandLineTools/usr/bin/cc    -Wl,-search_paths_first -Wl,-headerpad_max_install_names  -v -Wl,-v CMakeFiles/cmTC_81164.dir/CMakeCCompilerABI.c.o  -o cmTC_81164  ]
  ignore line: [Apple LLVM version 8.0.0 (clang-800.0.42.1)]
  ignore line: [Target: x86_64-apple-darwin15.6.0]
  ignore line: [Thread model: posix]
  ignore line: [InstalledDir: /Library/Developer/CommandLineTools/usr/bin]
  link line: [ "/Library/Developer/CommandLineTools/usr/bin/ld" -demangle -dynamic -arch x86_64 -macosx_version_min 10.11.0 -o cmTC_81164 -search_paths_first -headerpad_max_install_names -v CMakeFiles/cmTC_81164.dir/CMakeCCompilerABI.c.o -lSystem /Library/Developer/CommandLineTools/usr/bin/../lib/clang/8.0.0/lib/darwin/libclang_rt.osx.a]
    arg [/Library/Developer/CommandLineTools/usr/bin/ld] ==> ignore
    arg [-demangle] ==> ignore
    arg [-dynamic] ==> ignore
    arg [-arch] ==> ignore
    arg [x86_64] ==> ignore
    arg [-macosx_version_min] ==> ignore
    arg [10.11.0] ==> ignore
    arg [-o] ==> ignore
    arg [cmTC_81164] ==> ignore
    arg [-search_paths_first] ==> ignore
    arg [-headerpad_max_install_names] ==> ignore
    arg [-v] ==> ignore
    arg [CMakeFiles/cmTC_81164.dir/CMakeCCompilerABI.c.o] ==> ignore
    arg [-lSystem] ==> lib [System]
    arg [/Library/Developer/CommandLineTools/usr/bin/../lib/clang/8.0.0/lib/darwin/libclang_rt.osx.a] ==> lib [/Library/Developer/CommandLineTools/usr/bin/../lib/clang/8.0.0/lib/darwin/libclang_rt.osx.a]
  Library search paths: [;/usr/lib;/usr/local/lib]
  Framework search paths: [;/Library/Frameworks/;/System/Library/Frameworks/]
  remove lib [System]
  remove lib [/Library/Developer/CommandLineTools/usr/bin/../lib/clang/8.0.0/lib/darwin/libclang_rt.osx.a]
  collapse library dir [/usr/lib] ==> [/usr/lib]
  collapse library dir [/usr/local/lib] ==> [/usr/local/lib]
  collapse framework dir [/Library/Frameworks/] ==> [/Library/Frameworks]
  collapse framework dir [/System/Library/Frameworks/] ==> [/System/Library/Frameworks]
  implicit libs: []
  implicit dirs: [/usr/lib;/usr/local/lib]
  implicit fwks: [/Library/Frameworks;/System/Library/Frameworks]




Detecting C [-std=c11] compiler features compiled with the following output:
Change Dir: /Users/fukuta-mil/work_space/procon/cpp_learning/build/CMakeFiles/CMakeTmp

Run Build Command:"/usr/bin/make" "cmTC_387f6/fast"
/Library/Developer/CommandLineTools/usr/bin/make -f CMakeFiles/cmTC_387f6.dir/build.make CMakeFiles/cmTC_387f6.dir/build
Building C object CMakeFiles/cmTC_387f6.dir/feature_tests.c.o
/Library/Developer/CommandLineTools/usr/bin/cc    -std=c11 -o CMakeFiles/cmTC_387f6.dir/feature_tests.c.o   -c /Users/fukuta-mil/work_space/procon/cpp_learning/build/CMakeFiles/feature_tests.c
Linking C executable cmTC_387f6
/usr/local/Cellar/cmake/3.7.0/bin/cmake -E cmake_link_script CMakeFiles/cmTC_387f6.dir/link.txt --verbose=1
/Library/Developer/CommandLineTools/usr/bin/cc    -Wl,-search_paths_first -Wl,-headerpad_max_install_names   CMakeFiles/cmTC_387f6.dir/feature_tests.c.o  -o cmTC_387f6 


    Feature record: C_FEATURE:1c_function_prototypes
    Feature record: C_FEATURE:1c_restrict
    Feature record: C_FEATURE:1c_static_assert
    Feature record: C_FEATURE:1c_variadic_macros


Detecting C [-std=c99] compiler features compiled with the following output:
Change Dir: /Users/fukuta-mil/work_space/procon/cpp_learning/build/CMakeFiles/CMakeTmp

Run Build Command:"/usr/bin/make" "cmTC_fb74d/fast"
/Library/Developer/CommandLineTools/usr/bin/make -f CMakeFiles/cmTC_fb74d.dir/build.make CMakeFiles/cmTC_fb74d.dir/build
Building C object CMakeFiles/cmTC_fb74d.dir/feature_tests.c.o
/Library/Developer/CommandLineTools/usr/bin/cc    -std=c99 -o CMakeFiles/cmTC_fb74d.dir/feature_tests.c.o   -c /Users/fukuta-mil/work_space/procon/cpp_learning/build/CMakeFiles/feature_tests.c
Linking C executable cmTC_fb74d
/usr/local/Cellar/cmake/3.7.0/bin/cmake -E cmake_link_script CMakeFiles/cmTC_fb74d.dir/link.txt --verbose=1
/Library/Developer/CommandLineTools/usr/bin/cc    -Wl,-search_paths_first -Wl,-headerpad_max_install_names   CMakeFiles/cmTC_fb74d.dir/feature_tests.c.o  -o cmTC_fb74d 


    Feature record: C_FEATURE:1c_function_prototypes
    Feature record: C_FEATURE:1c_restrict
    Feature record: C_FEATURE:0c_static_assert
    Feature record: C_FEATURE:1c_variadic_macros


Detecting C [-std=c90] compiler features compiled with the following output:
Change Dir: /Users/fukuta-mil/work_space/procon/cpp_learning/build/CMakeFiles/CMakeTmp

Run Build Command:"/usr/bin/make" "cmTC_18760/fast"
/Library/Developer/CommandLineTools/usr/bin/make -f CMakeFiles/cmTC_18760.dir/build.make CMakeFiles/cmTC_18760.dir/build
Building C object CMakeFiles/cmTC_18760.dir/feature_tests.c.o
/Library/Developer/CommandLineTools/usr/bin/cc    -std=c90 -o CMakeFiles/cmTC_18760.dir/feature_tests.c.o   -c /Users/fukuta-mil/work_space/procon/cpp_learning/build/CMakeFiles/feature_tests.c
Linking C executable cmTC_18760
/usr/local/Cellar/cmake/3.7.0/bin/cmake -E cmake_link_script CMakeFiles/cmTC_18760.dir/link.txt --verbose=1
/Library/Developer/CommandLineTools/usr/bin/cc    -Wl,-search_paths_first -Wl,-headerpad_max_install_names   CMakeFiles/cmTC_18760.dir/feature_tests.c.o  -o cmTC_18760 


    Feature record: C_FEATURE:1c_function_prototypes
    Feature record: C_FEATURE:0c_restrict
    Feature record: C_FEATURE:0c_static_assert
    Feature record: C_FEATURE:0c_variadic_macros
Determining if the CXX compiler works passed with the following output:
Change Dir: /Users/fukuta-mil/work_space/procon/cpp_learning/build/CMakeFiles/CMakeTmp

Run Build Command:"/usr/bin/make" "cmTC_8c1c9/fast"
/Library/Developer/CommandLineTools/usr/bin/make -f CMakeFiles/cmTC_8c1c9.dir/build.make CMakeFiles/cmTC_8c1c9.dir/build
Building CXX object CMakeFiles/cmTC_8c1c9.dir/testCXXCompiler.cxx.o
/usr/local/bin/g++      -o CMakeFiles/cmTC_8c1c9.dir/testCXXCompiler.cxx.o -c /Users/fukuta-mil/work_space/procon/cpp_learning/build/CMakeFiles/CMakeTmp/testCXXCompiler.cxx
Linking CXX executable cmTC_8c1c9
/usr/local/Cellar/cmake/3.7.0/bin/cmake -E cmake_link_script CMakeFiles/cmTC_8c1c9.dir/link.txt --verbose=1
/usr/local/bin/g++     -Wl,-search_paths_first -Wl,-headerpad_max_install_names   CMakeFiles/cmTC_8c1c9.dir/testCXXCompiler.cxx.o  -o cmTC_8c1c9 


Detecting CXX compiler ABI info compiled with the following output:
Change Dir: /Users/fukuta-mil/work_space/procon/cpp_learning/build/CMakeFiles/CMakeTmp

Run Build Command:"/usr/bin/make" "cmTC_b409b/fast"
/Library/Developer/CommandLineTools/usr/bin/make -f CMakeFiles/cmTC_b409b.dir/build.make CMakeFiles/cmTC_b409b.dir/build
Building CXX object CMakeFiles/cmTC_b409b.dir/CMakeCXXCompilerABI.cpp.o
/usr/local/bin/g++      -o CMakeFiles/cmTC_b409b.dir/CMakeCXXCompilerABI.cpp.o -c /usr/local/Cellar/cmake/3.7.0/share/cmake/Modules/CMakeCXXCompilerABI.cpp
Linking CXX executable cmTC_b409b
/usr/local/Cellar/cmake/3.7.0/bin/cmake -E cmake_link_script CMakeFiles/cmTC_b409b.dir/link.txt --verbose=1
/usr/local/bin/g++     -Wl,-search_paths_first -Wl,-headerpad_max_install_names  -v -Wl,-v CMakeFiles/cmTC_b409b.dir/CMakeCXXCompilerABI.cpp.o  -o cmTC_b409b  
Using built-in specs.
COLLECT_GCC=/usr/local/bin/g++
COLLECT_LTO_WRAPPER=/usr/local/Cellar/gcc/6.2.0/libexec/gcc/x86_64-apple-darwin15.6.0/6.2.0/lto-wrapper
Target: x86_64-apple-darwin15.6.0
Configured with: ../configure --build=x86_64-apple-darwin15.6.0 --prefix=/usr/local/Cellar/gcc/6.2.0 --libdir=/usr/local/Cellar/gcc/6.2.0/lib/gcc/6 --enable-languages=c,c++,objc,obj-c++,fortran --program-suffix=-6 --with-gmp=/usr/local/opt/gmp --with-mpfr=/usr/local/opt/mpfr --with-mpc=/usr/local/opt/libmpc --with-isl=/usr/local/opt/isl --with-system-zlib --enable-libstdcxx-time=yes --enable-stage1-checking --enable-checking=release --enable-lto --with-build-config=bootstrap-debug --disable-werror --with-pkgversion='Homebrew gcc 6.2.0' --with-bugurl=https://github.com/Homebrew/homebrew/issues --enable-plugin --disable-nls --enable-multilib
Thread model: posix
gcc version 6.2.0 (Homebrew gcc 6.2.0) 
COMPILER_PATH=/usr/local/Cellar/gcc/6.2.0/libexec/gcc/x86_64-apple-darwin15.6.0/6.2.0/:/usr/local/Cellar/gcc/6.2.0/libexec/gcc/x86_64-apple-darwin15.6.0/6.2.0/:/usr/local/Cellar/gcc/6.2.0/libexec/gcc/x86_64-apple-darwin15.6.0/:/usr/local/Cellar/gcc/6.2.0/lib/gcc/6/gcc/x86_64-apple-darwin15.6.0/6.2.0/:/usr/local/Cellar/gcc/6.2.0/lib/gcc/6/gcc/x86_64-apple-darwin15.6.0/
LIBRARY_PATH=/usr/local/Cellar/gcc/6.2.0/lib/gcc/6/gcc/x86_64-apple-darwin15.6.0/6.2.0/:/usr/local/Cellar/gcc/6.2.0/lib/gcc/6/gcc/x86_64-apple-darwin15.6.0/6.2.0/../../../
COLLECT_GCC_OPTIONS='-v' '-o' 'cmTC_b409b' '-mmacosx-version-min=10.11.6' '-shared-libgcc' '-mtune=core2'
 /usr/local/Cellar/gcc/6.2.0/libexec/gcc/x86_64-apple-darwin15.6.0/6.2.0/collect2 -dynamic -arch x86_64 -macosx_version_min 10.11.6 -weak_reference_mismatches non-weak -o cmTC_b409b -L/usr/local/Cellar/gcc/6.2.0/lib/gcc/6/gcc/x86_64-apple-darwin15.6.0/6.2.0 -L/usr/local/Cellar/gcc/6.2.0/lib/gcc/6/gcc/x86_64-apple-darwin15.6.0/6.2.0/../../.. -search_paths_first -headerpad_max_install_names -v CMakeFiles/cmTC_b409b.dir/CMakeCXXCompilerABI.cpp.o -lstdc++ -no_compact_unwind -lSystem -lgcc_ext.10.5 -lgcc -lSystem -v
collect2 version 6.2.0
/usr/bin/ld -dynamic -arch x86_64 -macosx_version_min 10.11.6 -weak_reference_mismatches non-weak -o cmTC_b409b -L/usr/local/Cellar/gcc/6.2.0/lib/gcc/6/gcc/x86_64-apple-darwin15.6.0/6.2.0 -L/usr/local/Cellar/gcc/6.2.0/lib/gcc/6/gcc/x86_64-apple-darwin15.6.0/6.2.0/../../.. -search_paths_first -headerpad_max_install_names -v CMakeFiles/cmTC_b409b.dir/CMakeCXXCompilerABI.cpp.o -lstdc++ -no_compact_unwind -lSystem -lgcc_ext.10.5 -lgcc -lSystem -v
@(#)PROGRAM:ld  PROJECT:ld64-274.2
configured to support archs: armv6 armv7 armv7s arm64 i386 x86_64 x86_64h armv6m armv7k armv7m armv7em (tvOS)
@(#)PROGRAM:ld  PROJECT:ld64-274.2
configured to support archs: armv6 armv7 armv7s arm64 i386 x86_64 x86_64h armv6m armv7k armv7m armv7em (tvOS)
Library search paths:
	/usr/local/Cellar/gcc/6.2.0/lib/gcc/6/gcc/x86_64-apple-darwin15.6.0/6.2.0
	/usr/local/Cellar/gcc/6.2.0/lib/gcc/6
	/usr/lib
	/usr/local/lib
Framework search paths:
	/Library/Frameworks/
	/System/Library/Frameworks/
 /usr/bin/nm -n CMakeFiles/cmTC_b409b.dir/CMakeCXXCompilerABI.cpp.o


Parsed CXX implicit link information from above output:
  link line regex: [^( *|.*[/\])(ld|([^/\]+-)?ld|collect2)[^/\]*( |$)]
  ignore line: [Change Dir: /Users/fukuta-mil/work_space/procon/cpp_learning/build/CMakeFiles/CMakeTmp]
  ignore line: []
  ignore line: [Run Build Command:"/usr/bin/make" "cmTC_b409b/fast"]
  ignore line: [/Library/Developer/CommandLineTools/usr/bin/make -f CMakeFiles/cmTC_b409b.dir/build.make CMakeFiles/cmTC_b409b.dir/build]
  ignore line: [Building CXX object CMakeFiles/cmTC_b409b.dir/CMakeCXXCompilerABI.cpp.o]
  ignore line: [/usr/local/bin/g++      -o CMakeFiles/cmTC_b409b.dir/CMakeCXXCompilerABI.cpp.o -c /usr/local/Cellar/cmake/3.7.0/share/cmake/Modules/CMakeCXXCompilerABI.cpp]
  ignore line: [Linking CXX executable cmTC_b409b]
  ignore line: [/usr/local/Cellar/cmake/3.7.0/bin/cmake -E cmake_link_script CMakeFiles/cmTC_b409b.dir/link.txt --verbose=1]
  ignore line: [/usr/local/bin/g++     -Wl,-search_paths_first -Wl,-headerpad_max_install_names  -v -Wl,-v CMakeFiles/cmTC_b409b.dir/CMakeCXXCompilerABI.cpp.o  -o cmTC_b409b  ]
  ignore line: [Using built-in specs.]
  ignore line: [COLLECT_GCC=/usr/local/bin/g++]
  ignore line: [COLLECT_LTO_WRAPPER=/usr/local/Cellar/gcc/6.2.0/libexec/gcc/x86_64-apple-darwin15.6.0/6.2.0/lto-wrapper]
  ignore line: [Target: x86_64-apple-darwin15.6.0]
  ignore line: [Configured with: ../configure --build=x86_64-apple-darwin15.6.0 --prefix=/usr/local/Cellar/gcc/6.2.0 --libdir=/usr/local/Cellar/gcc/6.2.0/lib/gcc/6 --enable-languages=c,c++,objc,obj-c++,fortran --program-suffix=-6 --with-gmp=/usr/local/opt/gmp --with-mpfr=/usr/local/opt/mpfr --with-mpc=/usr/local/opt/libmpc --with-isl=/usr/local/opt/isl --with-system-zlib --enable-libstdcxx-time=yes --enable-stage1-checking --enable-checking=release --enable-lto --with-build-config=bootstrap-debug --disable-werror --with-pkgversion='Homebrew gcc 6.2.0' --with-bugurl=https://github.com/Homebrew/homebrew/issues --enable-plugin --disable-nls --enable-multilib]
  ignore line: [Thread model: posix]
  ignore line: [gcc version 6.2.0 (Homebrew gcc 6.2.0) ]
  ignore line: [COMPILER_PATH=/usr/local/Cellar/gcc/6.2.0/libexec/gcc/x86_64-apple-darwin15.6.0/6.2.0/:/usr/local/Cellar/gcc/6.2.0/libexec/gcc/x86_64-apple-darwin15.6.0/6.2.0/:/usr/local/Cellar/gcc/6.2.0/libexec/gcc/x86_64-apple-darwin15.6.0/:/usr/local/Cellar/gcc/6.2.0/lib/gcc/6/gcc/x86_64-apple-darwin15.6.0/6.2.0/:/usr/local/Cellar/gcc/6.2.0/lib/gcc/6/gcc/x86_64-apple-darwin15.6.0/]
  ignore line: [LIBRARY_PATH=/usr/local/Cellar/gcc/6.2.0/lib/gcc/6/gcc/x86_64-apple-darwin15.6.0/6.2.0/:/usr/local/Cellar/gcc/6.2.0/lib/gcc/6/gcc/x86_64-apple-darwin15.6.0/6.2.0/../../../]
  ignore line: [COLLECT_GCC_OPTIONS='-v' '-o' 'cmTC_b409b' '-mmacosx-version-min=10.11.6' '-shared-libgcc' '-mtune=core2']
  link line: [ /usr/local/Cellar/gcc/6.2.0/libexec/gcc/x86_64-apple-darwin15.6.0/6.2.0/collect2 -dynamic -arch x86_64 -macosx_version_min 10.11.6 -weak_reference_mismatches non-weak -o cmTC_b409b -L/usr/local/Cellar/gcc/6.2.0/lib/gcc/6/gcc/x86_64-apple-darwin15.6.0/6.2.0 -L/usr/local/Cellar/gcc/6.2.0/lib/gcc/6/gcc/x86_64-apple-darwin15.6.0/6.2.0/../../.. -search_paths_first -headerpad_max_install_names -v CMakeFiles/cmTC_b409b.dir/CMakeCXXCompilerABI.cpp.o -lstdc++ -no_compact_unwind -lSystem -lgcc_ext.10.5 -lgcc -lSystem -v]
    arg [/usr/local/Cellar/gcc/6.2.0/libexec/gcc/x86_64-apple-darwin15.6.0/6.2.0/collect2] ==> ignore
    arg [-dynamic] ==> ignore
    arg [-arch] ==> ignore
    arg [x86_64] ==> ignore
    arg [-macosx_version_min] ==> ignore
    arg [10.11.6] ==> ignore
    arg [-weak_reference_mismatches] ==> ignore
    arg [non-weak] ==> ignore
    arg [-o] ==> ignore
    arg [cmTC_b409b] ==> ignore
    arg [-L/usr/local/Cellar/gcc/6.2.0/lib/gcc/6/gcc/x86_64-apple-darwin15.6.0/6.2.0] ==> dir [/usr/local/Cellar/gcc/6.2.0/lib/gcc/6/gcc/x86_64-apple-darwin15.6.0/6.2.0]
    arg [-L/usr/local/Cellar/gcc/6.2.0/lib/gcc/6/gcc/x86_64-apple-darwin15.6.0/6.2.0/../../..] ==> dir [/usr/local/Cellar/gcc/6.2.0/lib/gcc/6/gcc/x86_64-apple-darwin15.6.0/6.2.0/../../..]
    arg [-search_paths_first] ==> ignore
    arg [-headerpad_max_install_names] ==> ignore
    arg [-v] ==> ignore
    arg [CMakeFiles/cmTC_b409b.dir/CMakeCXXCompilerABI.cpp.o] ==> ignore
    arg [-lstdc++] ==> lib [stdc++]
    arg [-no_compact_unwind] ==> ignore
    arg [-lSystem] ==> lib [System]
    arg [-lgcc_ext.10.5] ==> lib [gcc_ext.10.5]
    arg [-lgcc] ==> lib [gcc]
    arg [-lSystem] ==> lib [System]
    arg [-v] ==> ignore
  Library search paths: [;/usr/local/Cellar/gcc/6.2.0/lib/gcc/6/gcc/x86_64-apple-darwin15.6.0/6.2.0;/usr/local/Cellar/gcc/6.2.0/lib/gcc/6;/usr/lib;/usr/local/lib]
  Framework search paths: [;/Library/Frameworks/;/System/Library/Frameworks/]
  remove lib [System]
  remove lib [gcc_ext.10.5]
  remove lib [gcc]
  remove lib [System]
  collapse library dir [/usr/local/Cellar/gcc/6.2.0/lib/gcc/6/gcc/x86_64-apple-darwin15.6.0/6.2.0] ==> [/usr/local/Cellar/gcc/6.2.0/lib/gcc/6/gcc/x86_64-apple-darwin15.6.0/6.2.0]
  collapse library dir [/usr/local/Cellar/gcc/6.2.0/lib/gcc/6/gcc/x86_64-apple-darwin15.6.0/6.2.0/../../..] ==> [/usr/local/Cellar/gcc/6.2.0/lib/gcc/6]
  collapse library dir [/usr/local/Cellar/gcc/6.2.0/lib/gcc/6/gcc/x86_64-apple-darwin15.6.0/6.2.0] ==> [/usr/local/Cellar/gcc/6.2.0/lib/gcc/6/gcc/x86_64-apple-darwin15.6.0/6.2.0]
  collapse library dir [/usr/local/Cellar/gcc/6.2.0/lib/gcc/6] ==> [/usr/local/Cellar/gcc/6.2.0/lib/gcc/6]
  collapse library dir [/usr/lib] ==> [/usr/lib]
  collapse library dir [/usr/local/lib] ==> [/usr/local/lib]
  collapse framework dir [/Library/Frameworks/] ==> [/Library/Frameworks]
  collapse framework dir [/System/Library/Frameworks/] ==> [/System/Library/Frameworks]
  implicit libs: [stdc++]
  implicit dirs: [/usr/local/Cellar/gcc/6.2.0/lib/gcc/6/gcc/x86_64-apple-darwin15.6.0/6.2.0;/usr/local/Cellar/gcc/6.2.0/lib/gcc/6;/usr/lib;/usr/local/lib]
  implicit fwks: [/Library/Frameworks;/System/Library/Frameworks]




Detecting CXX [-std=c++14] compiler features compiled with the following output:
Change Dir: /Users/fukuta-mil/work_space/procon/cpp_learning/build/CMakeFiles/CMakeTmp

Run Build Command:"/usr/bin/make" "cmTC_b83da/fast"
/Library/Developer/CommandLineTools/usr/bin/make -f CMakeFiles/cmTC_b83da.dir/build.make CMakeFiles/cmTC_b83da.dir/build
Building CXX object CMakeFiles/cmTC_b83da.dir/feature_tests.cxx.o
/usr/local/bin/g++     -std=c++14 -o CMakeFiles/cmTC_b83da.dir/feature_tests.cxx.o -c /Users/fukuta-mil/work_space/procon/cpp_learning/build/CMakeFiles/feature_tests.cxx
Linking CXX executable cmTC_b83da
/usr/local/Cellar/cmake/3.7.0/bin/cmake -E cmake_link_script CMakeFiles/cmTC_b83da.dir/link.txt --verbose=1
/usr/local/bin/g++     -Wl,-search_paths_first -Wl,-headerpad_max_install_names   CMakeFiles/cmTC_b83da.dir/feature_tests.cxx.o  -o cmTC_b83da 


    Feature record: CXX_FEATURE:1cxx_aggregate_default_initializers
    Feature record: CXX_FEATURE:1cxx_alias_templates
    Feature record: CXX_FEATURE:1cxx_alignas
    Feature record: CXX_FEATURE:1cxx_alignof
    Feature record: CXX_FEATURE:1cxx_attributes
    Feature record: CXX_FEATURE:1cxx_attribute_deprecated
    Feature record: CXX_FEATURE:1cxx_auto_type
    Feature record: CXX_FEATURE:1cxx_binary_literals
    Feature record: CXX_FEATURE:1cxx_constexpr
    Feature record: CXX_FEATURE:1cxx_contextual_conversions
    Feature record: CXX_FEATURE:1cxx_decltype
    Feature record: CXX_FEATURE:1cxx_decltype_auto
    Feature record: CXX_FEATURE:1cxx_decltype_incomplete_return_types
    Feature record: CXX_FEATURE:1cxx_default_function_template_args
    Feature record: CXX_FEATURE:1cxx_defaulted_functions
    Feature record: CXX_FEATURE:1cxx_defaulted_move_initializers
    Feature record: CXX_FEATURE:1cxx_delegating_constructors
    Feature record: CXX_FEATURE:1cxx_deleted_functions
    Feature record: CXX_FEATURE:1cxx_digit_separators
    Feature record: CXX_FEATURE:1cxx_enum_forward_declarations
    Feature record: CXX_FEATURE:1cxx_explicit_conversions
    Feature record: CXX_FEATURE:1cxx_extended_friend_declarations
    Feature record: CXX_FEATURE:1cxx_extern_templates
    Feature record: CXX_FEATURE:1cxx_final
    Feature record: CXX_FEATURE:1cxx_func_identifier
    Feature record: CXX_FEATURE:1cxx_generalized_initializers
    Feature record: CXX_FEATURE:1cxx_generic_lambdas
    Feature record: CXX_FEATURE:1cxx_inheriting_constructors
    Feature record: CXX_FEATURE:1cxx_inline_namespaces
    Feature record: CXX_FEATURE:1cxx_lambdas
    Feature record: CXX_FEATURE:1cxx_lambda_init_captures
    Feature record: CXX_FEATURE:1cxx_local_type_template_args
    Feature record: CXX_FEATURE:1cxx_long_long_type
    Feature record: CXX_FEATURE:1cxx_noexcept
    Feature record: CXX_FEATURE:1cxx_nonstatic_member_init
    Feature record: CXX_FEATURE:1cxx_nullptr
    Feature record: CXX_FEATURE:1cxx_override
    Feature record: CXX_FEATURE:1cxx_range_for
    Feature record: CXX_FEATURE:1cxx_raw_string_literals
    Feature record: CXX_FEATURE:1cxx_reference_qualified_functions
    Feature record: CXX_FEATURE:1cxx_relaxed_constexpr
    Feature record: CXX_FEATURE:1cxx_return_type_deduction
    Feature record: CXX_FEATURE:1cxx_right_angle_brackets
    Feature record: CXX_FEATURE:1cxx_rvalue_references
    Feature record: CXX_FEATURE:1cxx_sizeof_member
    Feature record: CXX_FEATURE:1cxx_static_assert
    Feature record: CXX_FEATURE:1cxx_strong_enums
    Feature record: CXX_FEATURE:1cxx_template_template_parameters
    Feature record: CXX_FEATURE:1cxx_thread_local
    Feature record: CXX_FEATURE:1cxx_trailing_return_types
    Feature record: CXX_FEATURE:1cxx_unicode_literals
    Feature record: CXX_FEATURE:1cxx_uniform_initialization
    Feature record: CXX_FEATURE:1cxx_unrestricted_unions
    Feature record: CXX_FEATURE:1cxx_user_literals
    Feature record: CXX_FEATURE:1cxx_variable_templates
    Feature record: CXX_FEATURE:1cxx_variadic_macros
    Feature record: CXX_FEATURE:1cxx_variadic_templates


Detecting CXX [-std=c++11] compiler features compiled with the following output:
Change Dir: /Users/fukuta-mil/work_space/procon/cpp_learning/build/CMakeFiles/CMakeTmp

Run Build Command:"/usr/bin/make" "cmTC_31e7e/fast"
/Library/Developer/CommandLineTools/usr/bin/make -f CMakeFiles/cmTC_31e7e.dir/build.make CMakeFiles/cmTC_31e7e.dir/build
Building CXX object CMakeFiles/cmTC_31e7e.dir/feature_tests.cxx.o
/usr/local/bin/g++     -std=c++11 -o CMakeFiles/cmTC_31e7e.dir/feature_tests.cxx.o -c /Users/fukuta-mil/work_space/procon/cpp_learning/build/CMakeFiles/feature_tests.cxx
Linking CXX executable cmTC_31e7e
/usr/local/Cellar/cmake/3.7.0/bin/cmake -E cmake_link_script CMakeFiles/cmTC_31e7e.dir/link.txt --verbose=1
/usr/local/bin/g++     -Wl,-search_paths_first -Wl,-headerpad_max_install_names   CMakeFiles/cmTC_31e7e.dir/feature_tests.cxx.o  -o cmTC_31e7e 


    Feature record: CXX_FEATURE:0cxx_aggregate_default_initializers
    Feature record: CXX_FEATURE:1cxx_alias_templates
    Feature record: CXX_FEATURE:1cxx_alignas
    Feature record: CXX_FEATURE:1cxx_alignof
    Feature record: CXX_FEATURE:1cxx_attributes
    Feature record: CXX_FEATURE:0cxx_attribute_deprecated
    Feature record: CXX_FEATURE:1cxx_auto_type
    Feature record: CXX_FEATURE:0cxx_binary_literals
    Feature record: CXX_FEATURE:1cxx_constexpr
    Feature record: CXX_FEATURE:0cxx_contextual_conversions
    Feature record: CXX_FEATURE:1cxx_decltype
    Feature record: CXX_FEATURE:0cxx_decltype_auto
    Feature record: CXX_FEATURE:1cxx_decltype_incomplete_return_types
    Feature record: CXX_FEATURE:1cxx_default_function_template_args
    Feature record: CXX_FEATURE:1cxx_defaulted_functions
    Feature record: CXX_FEATURE:1cxx_defaulted_move_initializers
    Feature record: CXX_FEATURE:1cxx_delegating_constructors
    Feature record: CXX_FEATURE:1cxx_deleted_functions
    Feature record: CXX_FEATURE:0cxx_digit_separators
    Feature record: CXX_FEATURE:1cxx_enum_forward_declarations
    Feature record: CXX_FEATURE:1cxx_explicit_conversions
    Feature record: CXX_FEATURE:1cxx_extended_friend_declarations
    Feature record: CXX_FEATURE:1cxx_extern_templates
    Feature record: CXX_FEATURE:1cxx_final
    Feature record: CXX_FEATURE:1cxx_func_identifier
    Feature record: CXX_FEATURE:1cxx_generalized_initializers
    Feature record: CXX_FEATURE:0cxx_generic_lambdas
    Feature record: CXX_FEATURE:1cxx_inheriting_constructors
    Feature record: CXX_FEATURE:1cxx_inline_namespaces
    Feature record: CXX_FEATURE:1cxx_lambdas
    Feature record: CXX_FEATURE:0cxx_lambda_init_captures
    Feature record: CXX_FEATURE:1cxx_local_type_template_args
    Feature record: CXX_FEATURE:1cxx_long_long_type
    Feature record: CXX_FEATURE:1cxx_noexcept
    Feature record: CXX_FEATURE:1cxx_nonstatic_member_init
    Feature record: CXX_FEATURE:1cxx_nullptr
    Feature record: CXX_FEATURE:1cxx_override
    Feature record: CXX_FEATURE:1cxx_range_for
    Feature record: CXX_FEATURE:1cxx_raw_string_literals
    Feature record: CXX_FEATURE:1cxx_reference_qualified_functions
    Feature record: CXX_FEATURE:0cxx_relaxed_constexpr
    Feature record: CXX_FEATURE:0cxx_return_type_deduction
    Feature record: CXX_FEATURE:1cxx_right_angle_brackets
    Feature record: CXX_FEATURE:1cxx_rvalue_references
    Feature record: CXX_FEATURE:1cxx_sizeof_member
    Feature record: CXX_FEATURE:1cxx_static_assert
    Feature record: CXX_FEATURE:1cxx_strong_enums
    Feature record: CXX_FEATURE:1cxx_template_template_parameters
    Feature record: CXX_FEATURE:1cxx_thread_local
    Feature record: CXX_FEATURE:1cxx_trailing_return_types
    Feature record: CXX_FEATURE:1cxx_unicode_literals
    Feature record: CXX_FEATURE:1cxx_uniform_initialization
    Feature record: CXX_FEATURE:1cxx_unrestricted_unions
    Feature record: CXX_FEATURE:1cxx_user_literals
    Feature record: CXX_FEATURE:0cxx_variable_templates
    Feature record: CXX_FEATURE:1cxx_variadic_macros
    Feature record: CXX_FEATURE:1cxx_variadic_templates


Detecting CXX [-std=c++98] compiler features compiled with the following output:
Change Dir: /Users/fukuta-mil/work_space/procon/cpp_learning/build/CMakeFiles/CMakeTmp

Run Build Command:"/usr/bin/make" "cmTC_0a78a/fast"
/Library/Developer/CommandLineTools/usr/bin/make -f CMakeFiles/cmTC_0a78a.dir/build.make CMakeFiles/cmTC_0a78a.dir/build
Building CXX object CMakeFiles/cmTC_0a78a.dir/feature_tests.cxx.o
/usr/local/bin/g++     -std=c++98 -o CMakeFiles/cmTC_0a78a.dir/feature_tests.cxx.o -c /Users/fukuta-mil/work_space/procon/cpp_learning/build/CMakeFiles/feature_tests.cxx
Linking CXX executable cmTC_0a78a
/usr/local/Cellar/cmake/3.7.0/bin/cmake -E cmake_link_script CMakeFiles/cmTC_0a78a.dir/link.txt --verbose=1
/usr/local/bin/g++     -Wl,-search_paths_first -Wl,-headerpad_max_install_names   CMakeFiles/cmTC_0a78a.dir/feature_tests.cxx.o  -o cmTC_0a78a 


    Feature record: CXX_FEATURE:0cxx_aggregate_default_initializers
    Feature record: CXX_FEATURE:0cxx_alias_templates
    Feature record: CXX_FEATURE:0cxx_alignas
    Feature record: CXX_FEATURE:0cxx_alignof
    Feature record: CXX_FEATURE:0cxx_attributes
    Feature record: CXX_FEATURE:0cxx_attribute_deprecated
    Feature record: CXX_FEATURE:0cxx_auto_type
    Feature record: CXX_FEATURE:0cxx_binary_literals
    Feature record: CXX_FEATURE:0cxx_constexpr
    Feature record: CXX_FEATURE:0cxx_contextual_conversions
    Feature record: CXX_FEATURE:0cxx_decltype
    Feature record: CXX_FEATURE:0cxx_decltype_auto
    Feature record: CXX_FEATURE:0cxx_decltype_incomplete_return_types
    Feature record: CXX_FEATURE:0cxx_default_function_template_args
    Feature record: CXX_FEATURE:0cxx_defaulted_functions
    Feature record: CXX_FEATURE:0cxx_defaulted_move_initializers
    Feature record: CXX_FEATURE:0cxx_delegating_constructors
    Feature record: CXX_FEATURE:0cxx_deleted_functions
    Feature record: CXX_FEATURE:0cxx_digit_separators
    Feature record: CXX_FEATURE:0cxx_enum_forward_declarations
    Feature record: CXX_FEATURE:0cxx_explicit_conversions
    Feature record: CXX_FEATURE:0cxx_extended_friend_declarations
    Feature record: CXX_FEATURE:0cxx_extern_templates
    Feature record: CXX_FEATURE:0cxx_final
    Feature record: CXX_FEATURE:0cxx_func_identifier
    Feature record: CXX_FEATURE:0cxx_generalized_initializers
    Feature record: CXX_FEATURE:0cxx_generic_lambdas
    Feature record: CXX_FEATURE:0cxx_inheriting_constructors
    Feature record: CXX_FEATURE:0cxx_inline_namespaces
    Feature record: CXX_FEATURE:0cxx_lambdas
    Feature record: CXX_FEATURE:0cxx_lambda_init_captures
    Feature record: CXX_FEATURE:0cxx_local_type_template_args
    Feature record: CXX_FEATURE:0cxx_long_long_type
    Feature record: CXX_FEATURE:0cxx_noexcept
    Feature record: CXX_FEATURE:0cxx_nonstatic_member_init
    Feature record: CXX_FEATURE:0cxx_nullptr
    Feature record: CXX_FEATURE:0cxx_override
    Feature record: CXX_FEATURE:0cxx_range_for
    Feature record: CXX_FEATURE:0cxx_raw_string_literals
    Feature record: CXX_FEATURE:0cxx_reference_qualified_functions
    Feature record: CXX_FEATURE:0cxx_relaxed_constexpr
    Feature record: CXX_FEATURE:0cxx_return_type_deduction
    Feature record: CXX_FEATURE:0cxx_right_angle_brackets
    Feature record: CXX_FEATURE:0cxx_rvalue_references
    Feature record: CXX_FEATURE:0cxx_sizeof_member
    Feature record: CXX_FEATURE:0cxx_static_assert
    Feature record: CXX_FEATURE:0cxx_strong_enums
    Feature record: CXX_FEATURE:1cxx_template_template_parameters
    Feature record: CXX_FEATURE:0cxx_thread_local
    Feature record: CXX_FEATURE:0cxx_trailing_return_types
    Feature record: CXX_FEATURE:0cxx_unicode_literals
    Feature record: CXX_FEATURE:0cxx_uniform_initialization
    Feature record: CXX_FEATURE:0cxx_unrestricted_unions
    Feature record: CXX_FEATURE:0cxx_user_literals
    Feature record: CXX_FEATURE:0cxx_variable_templates
    Feature record: CXX_FEATURE:0cxx_variadic_macros
    Feature record: CXX_FEATURE:0cxx_variadic_templates
